Unity Editor version:    2020.3.17f1 (a4537701e4ab)
Branch:                  2020.3/staging
Build type:              Release
Batch mode:              YES
macOS version:           Version 10.15.7 (Build 19H524)
Darwin version:          19.6.0
Architecture:            x86_64
Running under Rosetta:   NO
Available memory:        8192 MB
Using pre-set license
Pro License: NO

COMMAND LINE ARGUMENTS:
/Applications/Unity/Hub/Editor/2020.3.17f1/Unity.app/Contents/MacOS/Unity
-adb2
-batchMode
-noUpm
-name
AssetImportWorker0
-projectPath
/Users/amandalzimmerman/Documents/VideoGames/LittleWitch
-logFile
Logs/AssetImportWorker0.log
-srvPort
53649
Successfully changed project path to: /Users/amandalzimmerman/Documents/VideoGames/LittleWitch
/Users/amandalzimmerman/Documents/VideoGames/LittleWitch
Using Asset Import Pipeline V2.
Refreshing native plugins compatible for Editor in 126.26 ms, found 2 plugins.
Preloading 0 native plugins for Editor in 0.00 ms.
Initialize engine version: 2020.3.17f1 (a4537701e4ab)
[Subsystems] Discovering subsystems at path /Applications/Unity/Hub/Editor/2020.3.17f1/Unity.app/Contents/Resources/UnitySubsystems
[Subsystems] Discovering subsystems at path /Users/amandalzimmerman/Documents/VideoGames/LittleWitch/Assets
GfxDevice: creating device client; threaded=0
2021-09-02 21:12:54.493 Unity[19955:27208205] Color LCD preferred device: Intel(R) Iris(TM) Graphics 550 (low power)
2021-09-02 21:12:54.493 Unity[19955:27208205] Metal devices available: 1
2021-09-02 21:12:54.493 Unity[19955:27208205] 0: Intel(R) Iris(TM) Graphics 550 (low power)
2021-09-02 21:12:54.495 Unity[19955:27208205] Using device Intel(R) Iris(TM) Graphics 550 (low power)
Initializing Metal device caps: Intel(R) Iris(TM) Graphics 550
Initialize mono
Mono path[0] = '/Applications/Unity/Hub/Editor/2020.3.17f1/Unity.app/Contents/Managed'
Mono path[1] = '/Applications/Unity/Hub/Editor/2020.3.17f1/Unity.app/Contents/MonoBleedingEdge/lib/mono/unityjit'
Mono config path = '/Applications/Unity/Hub/Editor/2020.3.17f1/Unity.app/Contents/MonoBleedingEdge/etc'
Using monoOptions --debugger-agent=transport=dt_socket,embedding=1,server=y,suspend=n,address=127.0.0.1:56955
Begin MonoManager ReloadAssembly
Registering precompiled unity dll's ...
Register platform support module: /Applications/Unity/Hub/Editor/2020.3.17f1/Unity.app/Contents/PlaybackEngines/MacStandaloneSupport/UnityEditor.OSXStandalone.Extensions.dll
Registered in 0.002541 seconds.
Native extension for OSXStandalone target not found
Refreshing native plugins compatible for Editor in 113.83 ms, found 2 plugins.
Preloading 0 native plugins for Editor in 0.00 ms.
Mono: successfully reloaded assembly
- Completed reload, in  7.103 seconds
Domain Reload Profiling:
	ReloadAssembly (7104ms)
		BeginReloadAssembly (117ms)
			ExecutionOrderSort (0ms)
			DisableScriptedObjects (0ms)
			BackupInstance (0ms)
			ReleaseScriptingObjects (0ms)
			CreateAndSetChildDomain (2ms)
		EndReloadAssembly (1495ms)
			LoadAssemblies (119ms)
			RebuildTransferFunctionScriptingTraits (0ms)
			SetupTypeCache (637ms)
			ReleaseScriptCaches (0ms)
			RebuildScriptCaches (102ms)
			SetupLoadedEditorAssemblies (599ms)
				LogAssemblyErrors (0ms)
				InitializePlatformSupportModulesInManaged (8ms)
				SetLoadedEditorAssemblies (0ms)
				RefreshPlugins (114ms)
				BeforeProcessingInitializeOnLoad (71ms)
				ProcessInitializeOnLoadAttributes (313ms)
				ProcessInitializeOnLoadMethodAttributes (88ms)
				AfterProcessingInitializeOnLoad (0ms)
				EditorAssembliesLoaded (4ms)
			ExecutionOrderSort2 (0ms)
			AwakeInstancesAfterBackupRestoration (0ms)
Platform modules already initialized, skipping
Registering precompiled user dll's ...
Registered in 0.012582 seconds.
Begin MonoManager ReloadAssembly
Native extension for OSXStandalone target not found
Refreshing native plugins compatible for Editor in 0.86 ms, found 2 plugins.
Preloading 0 native plugins for Editor in 0.00 ms.
Mono: successfully reloaded assembly
- Completed reload, in  3.216 seconds
Domain Reload Profiling:
	ReloadAssembly (3220ms)
		BeginReloadAssembly (419ms)
			ExecutionOrderSort (0ms)
			DisableScriptedObjects (17ms)
			BackupInstance (0ms)
			ReleaseScriptingObjects (0ms)
			CreateAndSetChildDomain (77ms)
		EndReloadAssembly (2571ms)
			LoadAssemblies (193ms)
			RebuildTransferFunctionScriptingTraits (0ms)
			SetupTypeCache (819ms)
			ReleaseScriptCaches (1ms)
			RebuildScriptCaches (213ms)
			SetupLoadedEditorAssemblies (954ms)
				LogAssemblyErrors (0ms)
				InitializePlatformSupportModulesInManaged (17ms)
				SetLoadedEditorAssemblies (1ms)
				RefreshPlugins (1ms)
				BeforeProcessingInitializeOnLoad (153ms)
				ProcessInitializeOnLoadAttributes (750ms)
				ProcessInitializeOnLoadMethodAttributes (28ms)
				AfterProcessingInitializeOnLoad (3ms)
				EditorAssembliesLoaded (1ms)
			ExecutionOrderSort2 (0ms)
			AwakeInstancesAfterBackupRestoration (19ms)
Platform modules already initialized, skipping
Validating Project structure ... 0.086489 seconds.
Shader import version has changed; will reimport all shaders...
Upgrading shader files ...0.052595 seconds.
Application.AssetDatabase Initial Script Refresh Start
RefreshInfo: InitialScriptRefreshV2(NoUpdateAssetOptions) scanfilter:  ... 1 filters
RefreshProfiler: Total: 0.000ms
Application.AssetDatabase Initial Script Refresh End
Application.AssetDatabase.Refresh Start
Application.AssetDatabase.Refresh End
RefreshInfo: StopAssetImportingV2(ForceSynchronousImport) scanfilter: 
RefreshProfiler: Total: 0.000ms
Launching external process: /Applications/Unity/Hub/Editor/2020.3.17f1/Unity.app/Contents/Tools/UnityShaderCompiler
Launched and connected shader compiler UnityShaderCompiler after 0.09 seconds
Initializing Unity extensions:
========================================================================
Worker process is ready to serve import requests
Refreshing native plugins compatible for Editor in 1.70 ms, found 2 plugins.
Preloading 0 native plugins for Editor in 0.00 ms.
Unloading 1545 Unused Serialized files (Serialized files now loaded: 0)
System memory in use before: 187.8 MB.
System memory in use after: 187.6 MB.

Unloading 147 unused Assets to reduce memory usage. Loaded Objects now: 2047.
Total: 7.394065 ms (FindLiveObjects: 0.336033 ms CreateObjectMapping: 0.095471 ms MarkObjects: 6.386526 ms  DeleteObjects: 0.574296 ms)

AssetImportParameters requested are different than current active one (requested -> active):
  custom:video-decoder-ogg-theora: a1e56fd34408186e4bbccfd4996cb3dc -> 
  custom:container-muxer-webm: aa71ff27fc2769a1b78a27578f13a17b -> 
  custom:container-demuxer-webm: 4f35f7cbe854078d1ac9338744f61a02 -> 
  custom:container-demuxer-ogg: 62fdf1f143b41e24485cea50d1cbac27 -> 
  custom:video-encoder-webm-vp8: eb34c28f22e8b96e1ab97ce403110664 -> 
  custom:framework-osx-AVFoundation: b23960f63f64bdc6ff669e2cdcee2391 -> 
  custom:video-decoder-webm-vp8: 9c59270c3fd7afecdb556c50c9e8de78 -> 
  custom:audio-decoder-ogg-vorbis: bf7c407c2cedff20999df2af8eb42d56 -> 
  custom:audio-encoder-webm-vorbis: bf7c407c2cedff20999df2af8eb42d56 -> 
========================================================================
Received Import Request.
  path: Assets/JMO Assets/Cartoon FX/Materials/Fire/CFX3_FireSparkle ADD.mat
  artifactKey: Guid(c9386fd37103dcb479f09e942849a1ce) Importer(815301076,1909f56bfc062723c751e8b465ee728b)
Start importing Assets/JMO Assets/Cartoon FX/Materials/Fire/CFX3_FireSparkle ADD.mat using Guid(c9386fd37103dcb479f09e942849a1ce) Importer(815301076,1909f56bfc062723c751e8b465ee728b)  -> (artifact id: '0a403a4ab1476f235e76f0c7f18300aa') in 1.143839 seconds 
  Import took 1.151329 seconds .

========================================================================
Received Import Request.
  Time since last request: 284.254973 seconds.
  path: Assets/Prefabs
  artifactKey: Guid(4a66fac5bf746445b9fd2f2a1a8c36f9) Importer(815301076,1909f56bfc062723c751e8b465ee728b)
Start importing Assets/Prefabs using Guid(4a66fac5bf746445b9fd2f2a1a8c36f9) Importer(815301076,1909f56bfc062723c751e8b465ee728b)  -> (artifact id: 'c19b1970580094af275ef9a031214249') in 0.001782 seconds 
  Import took 0.006415 seconds .

========================================================================
Received Import Request.
  Time since last request: 6.798340 seconds.
  path: Assets/Prefabs/FX
  artifactKey: Guid(5a786d70509c44a33979675e413cf74d) Importer(815301076,1909f56bfc062723c751e8b465ee728b)
Start importing Assets/Prefabs/FX using Guid(5a786d70509c44a33979675e413cf74d) Importer(815301076,1909f56bfc062723c751e8b465ee728b)  -> (artifact id: '2a30d6efc759c21fbe80799b5553d5e6') in 0.004597 seconds 
  Import took 0.010096 seconds .

========================================================================
Received Import Request.
  Time since last request: 8.559711 seconds.
  path: Assets/Prefabs/FX/FireBreathParticles.prefab
  artifactKey: Guid(b78d257676d614c9688847fe73e744e2) Importer(815301076,1909f56bfc062723c751e8b465ee728b)
Start importing Assets/Prefabs/FX/FireBreathParticles.prefab using Guid(b78d257676d614c9688847fe73e744e2) Importer(815301076,1909f56bfc062723c751e8b465ee728b)  -> (artifact id: '0bdbba6aa85edd609e00c0e1ad242d58') in 0.304890 seconds 
  Import took 0.309810 seconds .

========================================================================
Received Import Request.
  Time since last request: 5.211629 seconds.
  path: Assets/Prefabs/FX/FireBreathParticles.prefab
  artifactKey: Guid(b78d257676d614c9688847fe73e744e2) Importer(815301076,1909f56bfc062723c751e8b465ee728b)
Start importing Assets/Prefabs/FX/FireBreathParticles.prefab using Guid(b78d257676d614c9688847fe73e744e2) Importer(815301076,1909f56bfc062723c751e8b465ee728b)  -> (artifact id: 'bed00ff5b5438f4fd9e44438c85e9c18') in 0.022793 seconds 
  Import took 0.028012 seconds .

========================================================================
Received Import Request.
  Time since last request: 678.519311 seconds.
  path: Assets/Prefabs/FX/AirheadednessParticles.prefab
  artifactKey: Guid(79faccddc4c9e4371b10e62e23436508) Importer(815301076,1909f56bfc062723c751e8b465ee728b)
Start importing Assets/Prefabs/FX/AirheadednessParticles.prefab using Guid(79faccddc4c9e4371b10e62e23436508) Importer(815301076,1909f56bfc062723c751e8b465ee728b)  -> (artifact id: 'f4af9114a357e7230363b51f73526f20') in 0.069943 seconds 
  Import took 0.104101 seconds .

========================================================================
Received Import Request.
  Time since last request: 0.007291 seconds.
  path: Assets/Prefabs/FX/AirheadednessParticles.prefab
  artifactKey: Guid(79faccddc4c9e4371b10e62e23436508) Importer(815301076,1909f56bfc062723c751e8b465ee728b)
Start importing Assets/Prefabs/FX/AirheadednessParticles.prefab using Guid(79faccddc4c9e4371b10e62e23436508) Importer(815301076,1909f56bfc062723c751e8b465ee728b)  -> (artifact id: 'f4af9114a357e7230363b51f73526f20') in 0.032389 seconds 
  Import took 0.037589 seconds .

========================================================================
Received Import Request.
  Time since last request: 5.849074 seconds.
  path: Assets/Prefabs/FX/CFX4 Drill Air Hit (NO COLLISION) (1).prefab
  artifactKey: Guid(6e0ba3367dbf74fd0ae5c231dc6336ed) Importer(815301076,1909f56bfc062723c751e8b465ee728b)
Start importing Assets/Prefabs/FX/CFX4 Drill Air Hit (NO COLLISION) (1).prefab using Guid(6e0ba3367dbf74fd0ae5c231dc6336ed) Importer(815301076,1909f56bfc062723c751e8b465ee728b)  -> (artifact id: 'ec3cfdac1a4a3cc2286664fd4775144d') in 0.030975 seconds 
  Import took 0.036141 seconds .

========================================================================
Received Import Request.
  Time since last request: 0.004277 seconds.
  path: Assets/Prefabs/FX/CFX4 Drill Air Hit (NO COLLISION) (1).prefab
  artifactKey: Guid(6e0ba3367dbf74fd0ae5c231dc6336ed) Importer(815301076,1909f56bfc062723c751e8b465ee728b)
Start importing Assets/Prefabs/FX/CFX4 Drill Air Hit (NO COLLISION) (1).prefab using Guid(6e0ba3367dbf74fd0ae5c231dc6336ed) Importer(815301076,1909f56bfc062723c751e8b465ee728b)  -> (artifact id: 'ec3cfdac1a4a3cc2286664fd4775144d') in 0.018787 seconds 
  Import took 0.023383 seconds .

========================================================================
Received Import Request.
  Time since last request: 15.344644 seconds.
  path: Assets/Prefabs/FX/CFX4 Smoke.prefab
  artifactKey: Guid(b94ef3b1fd1df451bae061b99d747158) Importer(815301076,1909f56bfc062723c751e8b465ee728b)
Start importing Assets/Prefabs/FX/CFX4 Smoke.prefab using Guid(b94ef3b1fd1df451bae061b99d747158) Importer(815301076,1909f56bfc062723c751e8b465ee728b)  -> (artifact id: '89baf63e724e1b37c9312478c45af826') in 0.019156 seconds 
  Import took 0.024765 seconds .

========================================================================
Received Import Request.
  Time since last request: 0.004578 seconds.
  path: Assets/Prefabs/FX/CFX4 Smoke.prefab
  artifactKey: Guid(b94ef3b1fd1df451bae061b99d747158) Importer(815301076,1909f56bfc062723c751e8b465ee728b)
Start importing Assets/Prefabs/FX/CFX4 Smoke.prefab using Guid(b94ef3b1fd1df451bae061b99d747158) Importer(815301076,1909f56bfc062723c751e8b465ee728b)  -> (artifact id: '89baf63e724e1b37c9312478c45af826') in 0.016982 seconds 
  Import took 0.021515 seconds .

========================================================================
Received Import Request.
  Time since last request: 14.070653 seconds.
  path: Assets/Prefabs/FX/Soiled Particles.prefab
  artifactKey: Guid(6e0ba3367dbf74fd0ae5c231dc6336ed) Importer(815301076,1909f56bfc062723c751e8b465ee728b)
Start importing Assets/Prefabs/FX/Soiled Particles.prefab using Guid(6e0ba3367dbf74fd0ae5c231dc6336ed) Importer(815301076,1909f56bfc062723c751e8b465ee728b)  -> (artifact id: 'be47489f774a5ae80c71fd232aa27e49') in 0.034106 seconds 
  Import took 0.039635 seconds .

========================================================================
Received Import Request.
  Time since last request: 24.360193 seconds.
  path: Assets/Prefabs/FX/SoiledParticlesDust.prefab
  artifactKey: Guid(b94ef3b1fd1df451bae061b99d747158) Importer(815301076,1909f56bfc062723c751e8b465ee728b)
Start importing Assets/Prefabs/FX/SoiledParticlesDust.prefab using Guid(b94ef3b1fd1df451bae061b99d747158) Importer(815301076,1909f56bfc062723c751e8b465ee728b)  -> (artifact id: 'ad32aade5eaf69c311a9d1937e0ba37e') in 0.029578 seconds 
  Import took 0.034976 seconds .

========================================================================
Received Import Request.
  Time since last request: 12.035686 seconds.
  path: Assets/Prefabs/FX/SoiledParticlesRock.prefab
  artifactKey: Guid(6e0ba3367dbf74fd0ae5c231dc6336ed) Importer(815301076,1909f56bfc062723c751e8b465ee728b)
Start importing Assets/Prefabs/FX/SoiledParticlesRock.prefab using Guid(6e0ba3367dbf74fd0ae5c231dc6336ed) Importer(815301076,1909f56bfc062723c751e8b465ee728b)  -> (artifact id: 'f5a139bb5cba70d7c99f827abe706efb') in 0.022048 seconds 
  Import took 0.028556 seconds .

========================================================================
Received Import Request.
  Time since last request: 1238.103514 seconds.
  path: Assets/Prefabs/FX/CFX4 Drill Air Hit (NO COLLISION) (1).prefab
  artifactKey: Guid(39807a8ac80b74f57beca430f3e3ab6f) Importer(815301076,1909f56bfc062723c751e8b465ee728b)
Start importing Assets/Prefabs/FX/CFX4 Drill Air Hit (NO COLLISION) (1).prefab using Guid(39807a8ac80b74f57beca430f3e3ab6f) Importer(815301076,1909f56bfc062723c751e8b465ee728b)  -> (artifact id: 'aa35d618c67fbe2ab624e347f7d17097') in 0.090891 seconds 
  Import took 0.119444 seconds .

========================================================================
Received Import Request.
  Time since last request: 10.167008 seconds.
  path: Assets/Prefabs/FX/SoiledParticles.prefab
  artifactKey: Guid(39807a8ac80b74f57beca430f3e3ab6f) Importer(815301076,1909f56bfc062723c751e8b465ee728b)
Start importing Assets/Prefabs/FX/SoiledParticles.prefab using Guid(39807a8ac80b74f57beca430f3e3ab6f) Importer(815301076,1909f56bfc062723c751e8b465ee728b)  -> (artifact id: '790022efc4e0094e488691ef207b0e14') in 0.062396 seconds 
  Import took 0.067772 seconds .

========================================================================
Received Import Request.
  Time since last request: 10.911006 seconds.
  path: Assets/Prefabs/FX/SoiledParticles.prefab
  artifactKey: Guid(39807a8ac80b74f57beca430f3e3ab6f) Importer(815301076,1909f56bfc062723c751e8b465ee728b)
Start importing Assets/Prefabs/FX/SoiledParticles.prefab using Guid(39807a8ac80b74f57beca430f3e3ab6f) Importer(815301076,1909f56bfc062723c751e8b465ee728b)  -> (artifact id: '521621616079091a24fbbf44a1d2b57b') in 0.031100 seconds 
  Import took 0.036198 seconds .

